This is pdfTeX, Version 3.141592653-2.6-1.40.24 (TeX Live 2022) (preloaded format=pdflatex 2022.10.5)  8 MAY 2024 09:19
entering extended mode
 restricted \write18 enabled.
 %&-line parsing enabled.
**laxkan.tex
(./laxkan.tex
LaTeX2e <2021-11-15> patch level 1
L3 programming layer <2022-02-24>
(/usr/local/texlive/2022/texmf-dist/tex/latex/amscls/amsart.cls
Document Class: amsart 2020/05/29 v2.20.6
\linespacing=\dimen138
\normalparindent=\dimen139
\normaltopskip=\skip47
(/usr/local/texlive/2022/texmf-dist/tex/latex/amsmath/amsmath.sty
Package: amsmath 2021/10/15 v2.17l AMS math features
\@mathmargin=\skip48

For additional information on amsmath, use the `?' option.
(/usr/local/texlive/2022/texmf-dist/tex/latex/amsmath/amstext.sty
Package: amstext 2021/08/26 v2.01 AMS text

(/usr/local/texlive/2022/texmf-dist/tex/latex/amsmath/amsgen.sty
File: amsgen.sty 1999/11/30 v2.0 generic functions
\@emptytoks=\toks16
\ex@=\dimen140
))
(/usr/local/texlive/2022/texmf-dist/tex/latex/amsmath/amsbsy.sty
Package: amsbsy 1999/11/29 v1.2d Bold Symbols
\pmbraise@=\dimen141
)
(/usr/local/texlive/2022/texmf-dist/tex/latex/amsmath/amsopn.sty
Package: amsopn 2021/08/26 v2.02 operator names
)
\inf@bad=\count185
LaTeX Info: Redefining \frac on input line 234.
\uproot@=\count186
\leftroot@=\count187
LaTeX Info: Redefining \overline on input line 399.
\classnum@=\count188
\DOTSCASE@=\count189
LaTeX Info: Redefining \ldots on input line 496.
LaTeX Info: Redefining \dots on input line 499.
LaTeX Info: Redefining \cdots on input line 620.
\Mathstrutbox@=\box50
\strutbox@=\box51
\big@size=\dimen142
LaTeX Font Info:    Redeclaring font encoding OML on input line 743.
LaTeX Font Info:    Redeclaring font encoding OMS on input line 744.
\macc@depth=\count190
\c@MaxMatrixCols=\count191
\dotsspace@=\muskip16
\c@parentequation=\count192
\dspbrk@lvl=\count193
\tag@help=\toks17
\row@=\count194
\column@=\count195
\maxfields@=\count196
\andhelp@=\toks18
\eqnshift@=\dimen143
\alignsep@=\dimen144
\tagshift@=\dimen145
\tagwidth@=\dimen146
\totwidth@=\dimen147
\lineht@=\dimen148
\@envbody=\toks19
\multlinegap=\skip49
\multlinetaggap=\skip50
\mathdisplay@stack=\toks20
LaTeX Info: Redefining \[ on input line 2938.
LaTeX Info: Redefining \] on input line 2939.
)
LaTeX Font Info:    Trying to load font information for U+msa on input line 397
.

(/usr/local/texlive/2022/texmf-dist/tex/latex/amsfonts/umsa.fd
File: umsa.fd 2013/01/14 v3.01 AMS symbols A
)
(/usr/local/texlive/2022/texmf-dist/tex/latex/amsfonts/amsfonts.sty
Package: amsfonts 2013/01/14 v3.01 Basic AMSFonts support
\symAMSa=\mathgroup4
\symAMSb=\mathgroup5
LaTeX Font Info:    Redeclaring math symbol \hbar on input line 98.
LaTeX Font Info:    Overwriting math alphabet `\mathfrak' in version `bold'
(Font)                  U/euf/m/n --> U/euf/b/n on input line 106.
)
\copyins=\insert199
\abstractbox=\box52
\listisep=\skip51
\c@part=\count197
\c@section=\count198
\c@subsection=\count266
\c@subsubsection=\count267
\c@paragraph=\count268
\c@subparagraph=\count269
\c@figure=\count270
\c@table=\count271
\abovecaptionskip=\skip52
\belowcaptionskip=\skip53
\captionindent=\dimen149
\thm@style=\toks21
\thm@bodyfont=\toks22
\thm@headfont=\toks23
\thm@notefont=\toks24
\thm@headpunct=\toks25
\thm@preskip=\skip54
\thm@postskip=\skip55
\thm@headsep=\skip56
\dth@everypar=\toks26
)
(./rune.sty
(/usr/local/texlive/2022/texmf-dist/tex/latex/kvoptions/kvoptions.sty
Package: kvoptions 2020-10-07 v3.14 Key value format for package options (HO)

(/usr/local/texlive/2022/texmf-dist/tex/latex/graphics/keyval.sty
Package: keyval 2014/10/28 v1.15 key=value parser (DPC)
\KV@toks@=\toks27
)
(/usr/local/texlive/2022/texmf-dist/tex/generic/ltxcmds/ltxcmds.sty
Package: ltxcmds 2020-05-10 v1.25 LaTeX kernel commands for general use (HO)
)
(/usr/local/texlive/2022/texmf-dist/tex/generic/kvsetkeys/kvsetkeys.sty
Package: kvsetkeys 2019/12/15 v1.18 Key value parser (HO)
))
(/usr/local/texlive/2022/texmf-dist/tex/latex/amsfonts/amssymb.sty
Package: amssymb 2013/01/14 v3.01 AMS font symbols
)
(/usr/local/texlive/2022/texmf-dist/tex/latex/base/inputenc.sty
Package: inputenc 2021/02/14 v1.3d Input encoding file
\inpenc@prehook=\toks28
\inpenc@posthook=\toks29
)
(/usr/local/texlive/2022/texmf-dist/tex/latex/url/url.sty
\Urlmuskip=\muskip17
Package: url 2013/09/16  ver 3.4  Verb mode for urls, etc.
)
(/usr/local/texlive/2022/texmf-dist/tex/latex/enumitem/enumitem.sty
Package: enumitem 2019/06/20 v3.9 Customized lists
\labelindent=\skip57
\enit@outerparindent=\dimen150
\enit@toks=\toks30
\enit@inbox=\box53
\enit@count@id=\count272
\enitdp@description=\count273
)
(/usr/local/texlive/2022/texmf-dist/tex/latex/hyperref/hyperref.sty
Package: hyperref 2022-02-21 v7.00n Hypertext links for LaTeX

(/usr/local/texlive/2022/texmf-dist/tex/generic/iftex/iftex.sty
Package: iftex 2022/02/03 v1.0f TeX engine tests
)
(/usr/local/texlive/2022/texmf-dist/tex/generic/pdftexcmds/pdftexcmds.sty
Package: pdftexcmds 2020-06-27 v0.33 Utility functions of pdfTeX for LuaTeX (HO
)

(/usr/local/texlive/2022/texmf-dist/tex/generic/infwarerr/infwarerr.sty
Package: infwarerr 2019/12/03 v1.5 Providing info/warning/error messages (HO)
)
Package pdftexcmds Info: \pdf@primitive is available.
Package pdftexcmds Info: \pdf@ifprimitive is available.
Package pdftexcmds Info: \pdfdraftmode found.
)
(/usr/local/texlive/2022/texmf-dist/tex/generic/kvdefinekeys/kvdefinekeys.sty
Package: kvdefinekeys 2019-12-19 v1.6 Define keys (HO)
)
(/usr/local/texlive/2022/texmf-dist/tex/generic/pdfescape/pdfescape.sty
Package: pdfescape 2019/12/09 v1.15 Implements pdfTeX's escape features (HO)
)
(/usr/local/texlive/2022/texmf-dist/tex/latex/hycolor/hycolor.sty
Package: hycolor 2020-01-27 v1.10 Color options for hyperref/bookmark (HO)
)
(/usr/local/texlive/2022/texmf-dist/tex/latex/letltxmacro/letltxmacro.sty
Package: letltxmacro 2019/12/03 v1.6 Let assignment for LaTeX macros (HO)
)
(/usr/local/texlive/2022/texmf-dist/tex/latex/auxhook/auxhook.sty
Package: auxhook 2019-12-17 v1.6 Hooks for auxiliary files (HO)
)
\@linkdim=\dimen151
\Hy@linkcounter=\count274
\Hy@pagecounter=\count275

(/usr/local/texlive/2022/texmf-dist/tex/latex/hyperref/pd1enc.def
File: pd1enc.def 2022-02-21 v7.00n Hyperref: PDFDocEncoding definition (HO)
Now handling font encoding PD1 ...
... no UTF-8 mapping file for font encoding PD1
)
(/usr/local/texlive/2022/texmf-dist/tex/generic/intcalc/intcalc.sty
Package: intcalc 2019/12/15 v1.3 Expandable calculations with integers (HO)
)
(/usr/local/texlive/2022/texmf-dist/tex/generic/etexcmds/etexcmds.sty
Package: etexcmds 2019/12/15 v1.7 Avoid name clashes with e-TeX commands (HO)
)
\Hy@SavedSpaceFactor=\count276

(/usr/local/texlive/2022/texmf-dist/tex/latex/hyperref/puenc.def
File: puenc.def 2022-02-21 v7.00n Hyperref: PDF Unicode definition (HO)
Now handling font encoding PU ...
... no UTF-8 mapping file for font encoding PU
)
Package hyperref Info: Option `colorlinks' set `true' on input line 4018.
Package hyperref Info: Option `linktocpage' set `true' on input line 4018.
Package hyperref Info: Option `unicode' set `true' on input line 4018.
Package hyperref Info: Option `hyperindex' set `true' on input line 4018.
Package hyperref Info: Option `breaklinks' set `true' on input line 4018.
Package hyperref Info: Hyper figures OFF on input line 4137.
Package hyperref Info: Link nesting OFF on input line 4142.
Package hyperref Info: Hyper index ON on input line 4145.
Package hyperref Info: Plain pages OFF on input line 4152.
Package hyperref Info: Backreferencing OFF on input line 4157.
Package hyperref Info: Implicit mode ON; LaTeX internals redefined.
Package hyperref Info: Bookmarks ON on input line 4390.
\c@Hy@tempcnt=\count277
LaTeX Info: Redefining \url on input line 4749.
\XeTeXLinkMargin=\dimen152

(/usr/local/texlive/2022/texmf-dist/tex/generic/bitset/bitset.sty
Package: bitset 2019/12/09 v1.3 Handle bit-vector datatype (HO)

(/usr/local/texlive/2022/texmf-dist/tex/generic/bigintcalc/bigintcalc.sty
Package: bigintcalc 2019/12/15 v1.5 Expandable calculations on big integers (HO
)
))
\Fld@menulength=\count278
\Field@Width=\dimen153
\Fld@charsize=\dimen154
Package hyperref Info: Hyper figures OFF on input line 6027.
Package hyperref Info: Link nesting OFF on input line 6032.
Package hyperref Info: Hyper index ON on input line 6035.
Package hyperref Info: backreferencing OFF on input line 6042.
Package hyperref Info: Link coloring ON on input line 6045.
Package hyperref Info: Link coloring with OCG OFF on input line 6052.
Package hyperref Info: PDF/A mode OFF on input line 6057.
LaTeX Info: Redefining \ref on input line 6097.
LaTeX Info: Redefining \pageref on input line 6101.

(/usr/local/texlive/2022/texmf-dist/tex/latex/base/atbegshi-ltx.sty
Package: atbegshi-ltx 2021/01/10 v1.0c Emulation of the original atbegshi
package with kernel methods
)
\Hy@abspage=\count279
\c@Item=\count280
\c@Hfootnote=\count281
)
Package hyperref Info: Driver (autodetected): hpdftex.

(/usr/local/texlive/2022/texmf-dist/tex/latex/hyperref/hpdftex.def
File: hpdftex.def 2022-02-21 v7.00n Hyperref driver for pdfTeX

(/usr/local/texlive/2022/texmf-dist/tex/latex/base/atveryend-ltx.sty
Package: atveryend-ltx 2020/08/19 v1.0a Emulation of the original atveryend pac
kage
with kernel methods
)
\Fld@listcount=\count282
\c@bookmark@seq@number=\count283

(/usr/local/texlive/2022/texmf-dist/tex/latex/rerunfilecheck/rerunfilecheck.sty
Package: rerunfilecheck 2019/12/05 v1.9 Rerun checks for auxiliary files (HO)

(/usr/local/texlive/2022/texmf-dist/tex/generic/uniquecounter/uniquecounter.sty
Package: uniquecounter 2019/12/15 v1.4 Provide unlimited unique counter (HO)
)
Package uniquecounter Info: New unique counter `rerunfilecheck' on input line 2
86.
)
\Hy@SectionHShift=\skip58
) (/usr/local/texlive/2022/texmf-dist/tex/latex/cleveref/cleveref.sty
Package: cleveref 2018/03/27 v0.21.4 Intelligent cross-referencing
Package cleveref Info: `hyperref' support loaded on input line 2370.
LaTeX Info: Redefining \cref on input line 2370.
LaTeX Info: Redefining \Cref on input line 2370.
LaTeX Info: Redefining \crefrange on input line 2370.
LaTeX Info: Redefining \Crefrange on input line 2370.
LaTeX Info: Redefining \cpageref on input line 2370.
LaTeX Info: Redefining \Cpageref on input line 2370.
LaTeX Info: Redefining \cpagerefrange on input line 2370.
LaTeX Info: Redefining \Cpagerefrange on input line 2370.
LaTeX Info: Redefining \labelcref on input line 2370.
LaTeX Info: Redefining \labelcpageref on input line 2370.
Package cleveref Info: `amsthm' support loaded on input line 3026.
Package cleveref Info: always capitalise cross-reference names on input line 78
25.
Package cleveref Info: always capitalise cross-reference names on input line 78
52.
)
(/usr/local/texlive/2022/texmf-dist/tex/latex/graphics/color.sty
Package: color 2021/12/07 v1.3c Standard LaTeX Color (DPC)

(/usr/local/texlive/2022/texmf-dist/tex/latex/graphics-cfg/color.cfg
File: color.cfg 2016/01/02 v1.6 sample color configuration
)
Package color Info: Driver file: pdftex.def on input line 149.

(/usr/local/texlive/2022/texmf-dist/tex/latex/graphics-def/pdftex.def
File: pdftex.def 2020/10/05 v1.2a Graphics/color driver for pdftex
))
(/usr/local/texlive/2022/texmf-dist/tex/latex/pgf/frontendlayer/tikz.sty
(/usr/local/texlive/2022/texmf-dist/tex/latex/pgf/basiclayer/pgf.sty
(/usr/local/texlive/2022/texmf-dist/tex/latex/pgf/utilities/pgfrcs.sty
(/usr/local/texlive/2022/texmf-dist/tex/generic/pgf/utilities/pgfutil-common.te
x
\pgfutil@everybye=\toks31
\pgfutil@tempdima=\dimen155
\pgfutil@tempdimb=\dimen156

(/usr/local/texlive/2022/texmf-dist/tex/generic/pgf/utilities/pgfutil-common-li
sts.tex))
(/usr/local/texlive/2022/texmf-dist/tex/generic/pgf/utilities/pgfutil-latex.def
\pgfutil@abb=\box54
) (/usr/local/texlive/2022/texmf-dist/tex/generic/pgf/utilities/pgfrcs.code.tex
(/usr/local/texlive/2022/texmf-dist/tex/generic/pgf/pgf.revision.tex)
Package: pgfrcs 2021/05/15 v3.1.9a (3.1.9a)
))
Package: pgf 2021/05/15 v3.1.9a (3.1.9a)

(/usr/local/texlive/2022/texmf-dist/tex/latex/pgf/basiclayer/pgfcore.sty
(/usr/local/texlive/2022/texmf-dist/tex/latex/graphics/graphicx.sty
Package: graphicx 2021/09/16 v1.2d Enhanced LaTeX Graphics (DPC,SPQR)

(/usr/local/texlive/2022/texmf-dist/tex/latex/graphics/graphics.sty
Package: graphics 2021/03/04 v1.4d Standard LaTeX Graphics (DPC,SPQR)

(/usr/local/texlive/2022/texmf-dist/tex/latex/graphics/trig.sty
Package: trig 2021/08/11 v1.11 sin cos tan (DPC)
)
(/usr/local/texlive/2022/texmf-dist/tex/latex/graphics-cfg/graphics.cfg
File: graphics.cfg 2016/06/04 v1.11 sample graphics configuration
)
Package graphics Info: Driver file: pdftex.def on input line 107.
)
\Gin@req@height=\dimen157
\Gin@req@width=\dimen158
)
(/usr/local/texlive/2022/texmf-dist/tex/latex/pgf/systemlayer/pgfsys.sty
(/usr/local/texlive/2022/texmf-dist/tex/generic/pgf/systemlayer/pgfsys.code.tex
Package: pgfsys 2021/05/15 v3.1.9a (3.1.9a)
(/usr/local/texlive/2022/texmf-dist/tex/generic/pgf/utilities/pgfkeys.code.tex
\pgfkeys@pathtoks=\toks32
\pgfkeys@temptoks=\toks33

(/usr/local/texlive/2022/texmf-dist/tex/generic/pgf/utilities/pgfkeysfiltered.c
ode.tex
\pgfkeys@tmptoks=\toks34
))
\pgf@x=\dimen159
\pgf@y=\dimen160
\pgf@xa=\dimen161
\pgf@ya=\dimen162
\pgf@xb=\dimen163
\pgf@yb=\dimen164
\pgf@xc=\dimen165
\pgf@yc=\dimen166
\pgf@xd=\dimen167
\pgf@yd=\dimen168
\w@pgf@writea=\write3
\r@pgf@reada=\read2
\c@pgf@counta=\count284
\c@pgf@countb=\count285
\c@pgf@countc=\count286
\c@pgf@countd=\count287
\t@pgf@toka=\toks35
\t@pgf@tokb=\toks36
\t@pgf@tokc=\toks37
\pgf@sys@id@count=\count288

(/usr/local/texlive/2022/texmf-dist/tex/generic/pgf/systemlayer/pgf.cfg
File: pgf.cfg 2021/05/15 v3.1.9a (3.1.9a)
)
Driver file for pgf: pgfsys-pdftex.def

(/usr/local/texlive/2022/texmf-dist/tex/generic/pgf/systemlayer/pgfsys-pdftex.d
ef
File: pgfsys-pdftex.def 2021/05/15 v3.1.9a (3.1.9a)

(/usr/local/texlive/2022/texmf-dist/tex/generic/pgf/systemlayer/pgfsys-common-p
df.def
File: pgfsys-common-pdf.def 2021/05/15 v3.1.9a (3.1.9a)
)))
(/usr/local/texlive/2022/texmf-dist/tex/generic/pgf/systemlayer/pgfsyssoftpath.
code.tex
File: pgfsyssoftpath.code.tex 2021/05/15 v3.1.9a (3.1.9a)
\pgfsyssoftpath@smallbuffer@items=\count289
\pgfsyssoftpath@bigbuffer@items=\count290
)
(/usr/local/texlive/2022/texmf-dist/tex/generic/pgf/systemlayer/pgfsysprotocol.
code.tex
File: pgfsysprotocol.code.tex 2021/05/15 v3.1.9a (3.1.9a)
)) (/usr/local/texlive/2022/texmf-dist/tex/latex/xcolor/xcolor.sty
Package: xcolor 2021/10/31 v2.13 LaTeX color extensions (UK)

(/usr/local/texlive/2022/texmf-dist/tex/latex/graphics-cfg/color.cfg
File: color.cfg 2016/01/02 v1.6 sample color configuration
)
Package xcolor Info: Driver file: pdftex.def on input line 227.
LaTeX Info: Redefining \color on input line 711.
Package xcolor Info: Model `cmy' substituted by `cmy0' on input line 1352.
Package xcolor Info: Model `hsb' substituted by `rgb' on input line 1356.
Package xcolor Info: Model `RGB' extended on input line 1368.
Package xcolor Info: Model `HTML' substituted by `rgb' on input line 1370.
Package xcolor Info: Model `Hsb' substituted by `hsb' on input line 1371.
Package xcolor Info: Model `tHsb' substituted by `hsb' on input line 1372.
Package xcolor Info: Model `HSB' substituted by `hsb' on input line 1373.
Package xcolor Info: Model `Gray' substituted by `gray' on input line 1374.
Package xcolor Info: Model `wave' substituted by `hsb' on input line 1375.
)
(/usr/local/texlive/2022/texmf-dist/tex/generic/pgf/basiclayer/pgfcore.code.tex
Package: pgfcore 2021/05/15 v3.1.9a (3.1.9a)
(/usr/local/texlive/2022/texmf-dist/tex/generic/pgf/math/pgfmath.code.tex
(/usr/local/texlive/2022/texmf-dist/tex/generic/pgf/math/pgfmathcalc.code.tex
(/usr/local/texlive/2022/texmf-dist/tex/generic/pgf/math/pgfmathutil.code.tex)
(/usr/local/texlive/2022/texmf-dist/tex/generic/pgf/math/pgfmathparser.code.tex
\pgfmath@dimen=\dimen169
\pgfmath@count=\count291
\pgfmath@box=\box55
\pgfmath@toks=\toks38
\pgfmath@stack@operand=\toks39
\pgfmath@stack@operation=\toks40
)
(/usr/local/texlive/2022/texmf-dist/tex/generic/pgf/math/pgfmathfunctions.code.
tex
(/usr/local/texlive/2022/texmf-dist/tex/generic/pgf/math/pgfmathfunctions.basic
.code.tex)
(/usr/local/texlive/2022/texmf-dist/tex/generic/pgf/math/pgfmathfunctions.trigo
nometric.code.tex)
(/usr/local/texlive/2022/texmf-dist/tex/generic/pgf/math/pgfmathfunctions.rando
m.code.tex)
(/usr/local/texlive/2022/texmf-dist/tex/generic/pgf/math/pgfmathfunctions.compa
rison.code.tex)
(/usr/local/texlive/2022/texmf-dist/tex/generic/pgf/math/pgfmathfunctions.base.
code.tex)
(/usr/local/texlive/2022/texmf-dist/tex/generic/pgf/math/pgfmathfunctions.round
.code.tex)
(/usr/local/texlive/2022/texmf-dist/tex/generic/pgf/math/pgfmathfunctions.misc.
code.tex)
(/usr/local/texlive/2022/texmf-dist/tex/generic/pgf/math/pgfmathfunctions.integ
erarithmetics.code.tex)))
(/usr/local/texlive/2022/texmf-dist/tex/generic/pgf/math/pgfmathfloat.code.tex
\c@pgfmathroundto@lastzeros=\count292
)) (/usr/local/texlive/2022/texmf-dist/tex/generic/pgf/math/pgfint.code.tex)
(/usr/local/texlive/2022/texmf-dist/tex/generic/pgf/basiclayer/pgfcorepoints.co
de.tex
File: pgfcorepoints.code.tex 2021/05/15 v3.1.9a (3.1.9a)
\pgf@picminx=\dimen170
\pgf@picmaxx=\dimen171
\pgf@picminy=\dimen172
\pgf@picmaxy=\dimen173
\pgf@pathminx=\dimen174
\pgf@pathmaxx=\dimen175
\pgf@pathminy=\dimen176
\pgf@pathmaxy=\dimen177
\pgf@xx=\dimen178
\pgf@xy=\dimen179
\pgf@yx=\dimen180
\pgf@yy=\dimen181
\pgf@zx=\dimen182
\pgf@zy=\dimen183
)
(/usr/local/texlive/2022/texmf-dist/tex/generic/pgf/basiclayer/pgfcorepathconst
ruct.code.tex
File: pgfcorepathconstruct.code.tex 2021/05/15 v3.1.9a (3.1.9a)
\pgf@path@lastx=\dimen184
\pgf@path@lasty=\dimen185
)
(/usr/local/texlive/2022/texmf-dist/tex/generic/pgf/basiclayer/pgfcorepathusage
.code.tex
File: pgfcorepathusage.code.tex 2021/05/15 v3.1.9a (3.1.9a)
\pgf@shorten@end@additional=\dimen186
\pgf@shorten@start@additional=\dimen187
)
(/usr/local/texlive/2022/texmf-dist/tex/generic/pgf/basiclayer/pgfcorescopes.co
de.tex
File: pgfcorescopes.code.tex 2021/05/15 v3.1.9a (3.1.9a)
\pgfpic=\box56
\pgf@hbox=\box57
\pgf@layerbox@main=\box58
\pgf@picture@serial@count=\count293
)
(/usr/local/texlive/2022/texmf-dist/tex/generic/pgf/basiclayer/pgfcoregraphicst
ate.code.tex
File: pgfcoregraphicstate.code.tex 2021/05/15 v3.1.9a (3.1.9a)
\pgflinewidth=\dimen188
)
(/usr/local/texlive/2022/texmf-dist/tex/generic/pgf/basiclayer/pgfcoretransform
ations.code.tex
File: pgfcoretransformations.code.tex 2021/05/15 v3.1.9a (3.1.9a)
\pgf@pt@x=\dimen189
\pgf@pt@y=\dimen190
\pgf@pt@temp=\dimen191
)
(/usr/local/texlive/2022/texmf-dist/tex/generic/pgf/basiclayer/pgfcorequick.cod
e.tex
File: pgfcorequick.code.tex 2021/05/15 v3.1.9a (3.1.9a)
)
(/usr/local/texlive/2022/texmf-dist/tex/generic/pgf/basiclayer/pgfcoreobjects.c
ode.tex
File: pgfcoreobjects.code.tex 2021/05/15 v3.1.9a (3.1.9a)
)
(/usr/local/texlive/2022/texmf-dist/tex/generic/pgf/basiclayer/pgfcorepathproce
ssing.code.tex
File: pgfcorepathprocessing.code.tex 2021/05/15 v3.1.9a (3.1.9a)
)
(/usr/local/texlive/2022/texmf-dist/tex/generic/pgf/basiclayer/pgfcorearrows.co
de.tex
File: pgfcorearrows.code.tex 2021/05/15 v3.1.9a (3.1.9a)
\pgfarrowsep=\dimen192
)
(/usr/local/texlive/2022/texmf-dist/tex/generic/pgf/basiclayer/pgfcoreshade.cod
e.tex
File: pgfcoreshade.code.tex 2021/05/15 v3.1.9a (3.1.9a)
\pgf@max=\dimen193
\pgf@sys@shading@range@num=\count294
\pgf@shadingcount=\count295
)
(/usr/local/texlive/2022/texmf-dist/tex/generic/pgf/basiclayer/pgfcoreimage.cod
e.tex
File: pgfcoreimage.code.tex 2021/05/15 v3.1.9a (3.1.9a)

(/usr/local/texlive/2022/texmf-dist/tex/generic/pgf/basiclayer/pgfcoreexternal.
code.tex
File: pgfcoreexternal.code.tex 2021/05/15 v3.1.9a (3.1.9a)
\pgfexternal@startupbox=\box59
))
(/usr/local/texlive/2022/texmf-dist/tex/generic/pgf/basiclayer/pgfcorelayers.co
de.tex
File: pgfcorelayers.code.tex 2021/05/15 v3.1.9a (3.1.9a)
)
(/usr/local/texlive/2022/texmf-dist/tex/generic/pgf/basiclayer/pgfcoretranspare
ncy.code.tex
File: pgfcoretransparency.code.tex 2021/05/15 v3.1.9a (3.1.9a)
)
(/usr/local/texlive/2022/texmf-dist/tex/generic/pgf/basiclayer/pgfcorepatterns.
code.tex
File: pgfcorepatterns.code.tex 2021/05/15 v3.1.9a (3.1.9a)
)
(/usr/local/texlive/2022/texmf-dist/tex/generic/pgf/basiclayer/pgfcorerdf.code.
tex
File: pgfcorerdf.code.tex 2021/05/15 v3.1.9a (3.1.9a)
)))
(/usr/local/texlive/2022/texmf-dist/tex/generic/pgf/modules/pgfmoduleshapes.cod
e.tex
File: pgfmoduleshapes.code.tex 2021/05/15 v3.1.9a (3.1.9a)
\pgfnodeparttextbox=\box60
)
(/usr/local/texlive/2022/texmf-dist/tex/generic/pgf/modules/pgfmoduleplot.code.
tex
File: pgfmoduleplot.code.tex 2021/05/15 v3.1.9a (3.1.9a)
)
(/usr/local/texlive/2022/texmf-dist/tex/latex/pgf/compatibility/pgfcomp-version
-0-65.sty
Package: pgfcomp-version-0-65 2021/05/15 v3.1.9a (3.1.9a)
\pgf@nodesepstart=\dimen194
\pgf@nodesepend=\dimen195
)
(/usr/local/texlive/2022/texmf-dist/tex/latex/pgf/compatibility/pgfcomp-version
-1-18.sty
Package: pgfcomp-version-1-18 2021/05/15 v3.1.9a (3.1.9a)
))
(/usr/local/texlive/2022/texmf-dist/tex/latex/pgf/utilities/pgffor.sty
(/usr/local/texlive/2022/texmf-dist/tex/latex/pgf/utilities/pgfkeys.sty
(/usr/local/texlive/2022/texmf-dist/tex/generic/pgf/utilities/pgfkeys.code.tex)
) (/usr/local/texlive/2022/texmf-dist/tex/latex/pgf/math/pgfmath.sty
(/usr/local/texlive/2022/texmf-dist/tex/generic/pgf/math/pgfmath.code.tex))
(/usr/local/texlive/2022/texmf-dist/tex/generic/pgf/utilities/pgffor.code.tex
Package: pgffor 2021/05/15 v3.1.9a (3.1.9a)

(/usr/local/texlive/2022/texmf-dist/tex/generic/pgf/math/pgfmath.code.tex)
\pgffor@iter=\dimen196
\pgffor@skip=\dimen197
\pgffor@stack=\toks41
\pgffor@toks=\toks42
))
(/usr/local/texlive/2022/texmf-dist/tex/generic/pgf/frontendlayer/tikz/tikz.cod
e.tex
Package: tikz 2021/05/15 v3.1.9a (3.1.9a)

(/usr/local/texlive/2022/texmf-dist/tex/generic/pgf/libraries/pgflibraryplothan
dlers.code.tex
File: pgflibraryplothandlers.code.tex 2021/05/15 v3.1.9a (3.1.9a)
\pgf@plot@mark@count=\count296
\pgfplotmarksize=\dimen198
)
\tikz@lastx=\dimen256
\tikz@lasty=\dimen257
\tikz@lastxsaved=\dimen258
\tikz@lastysaved=\dimen259
\tikz@lastmovetox=\dimen260
\tikz@lastmovetoy=\dimen261
\tikzleveldistance=\dimen262
\tikzsiblingdistance=\dimen263
\tikz@figbox=\box61
\tikz@figbox@bg=\box62
\tikz@tempbox=\box63
\tikz@tempbox@bg=\box64
\tikztreelevel=\count297
\tikznumberofchildren=\count298
\tikznumberofcurrentchild=\count299
\tikz@fig@count=\count300

(/usr/local/texlive/2022/texmf-dist/tex/generic/pgf/modules/pgfmodulematrix.cod
e.tex
File: pgfmodulematrix.code.tex 2021/05/15 v3.1.9a (3.1.9a)
\pgfmatrixcurrentrow=\count301
\pgfmatrixcurrentcolumn=\count302
\pgf@matrix@numberofcolumns=\count303
)
\tikz@expandcount=\count304

(/usr/local/texlive/2022/texmf-dist/tex/generic/pgf/frontendlayer/tikz/librarie
s/tikzlibrarytopaths.code.tex
File: tikzlibrarytopaths.code.tex 2021/05/15 v3.1.9a (3.1.9a)
)))
(/usr/local/texlive/2022/texmf-dist/tex/generic/pgf/frontendlayer/tikz/librarie
s/tikzlibrarymatrix.code.tex
File: tikzlibrarymatrix.code.tex 2021/05/15 v3.1.9a (3.1.9a)
)
(/usr/local/texlive/2022/texmf-dist/tex/generic/pgf/frontendlayer/tikz/librarie
s/tikzlibraryarrows.code.tex
File: tikzlibraryarrows.code.tex 2021/05/15 v3.1.9a (3.1.9a)

(/usr/local/texlive/2022/texmf-dist/tex/generic/pgf/libraries/pgflibraryarrows.
code.tex
File: pgflibraryarrows.code.tex 2021/05/15 v3.1.9a (3.1.9a)
\arrowsize=\dimen264
)) (/usr/local/texlive/2022/texmf-dist/tex/latex/tikz-cd/tikz-cd.sty
Package: tikz-cd 2021/05/04 v1.0 Commutative diagrams with TikZ

(/usr/local/texlive/2022/texmf-dist/tex/generic/tikz-cd/tikzlibrarycd.code.tex
(/usr/local/texlive/2022/texmf-dist/tex/generic/pgf/frontendlayer/tikz/librarie
s/tikzlibraryquotes.code.tex
File: tikzlibraryquotes.code.tex 2021/05/15 v3.1.9a (3.1.9a)
)
(/usr/local/texlive/2022/texmf-dist/tex/generic/pgf/libraries/pgflibraryarrows.
meta.code.tex
File: pgflibraryarrows.meta.code.tex 2021/05/15 v3.1.9a (3.1.9a)
\pgfarrowinset=\dimen265
\pgfarrowlength=\dimen266
\pgfarrowwidth=\dimen267
\pgfarrowlinewidth=\dimen268
)))
(/usr/local/texlive/2022/texmf-dist/tex/latex/amsrefs/amsrefs.sty
Package: amsrefs 2013/03/07 v2.14

(/usr/local/texlive/2022/texmf-dist/tex/latex/amsrefs/pcatcode.sty
Package: pcatcode 2002/04/16 v1.04
)
(/usr/local/texlive/2022/texmf-dist/tex/latex/amsrefs/ifoption.sty
Package: ifoption 2002/03/04 v1.02
)
(/usr/local/texlive/2022/texmf-dist/tex/latex/amsrefs/rkeyval.sty
Package: rkeyval 2004/05/05 v1.08
\@temptokenb=\toks43
\rsk@toks=\toks44
)
(/usr/local/texlive/2022/texmf-dist/tex/latex/amsrefs/textcmds.sty
Package: textcmds 2012/08/02 v2.00
)
(/usr/local/texlive/2022/texmf-dist/tex/latex/amsrefs/mathscinet.sty
Package: mathscinet 2002/04/17 v1.05
)
\c@bib=\count305
\@maxlabelwidth=\dimen269
\c@bib@env=\count306
\bib@dbfile=\read3
\alpha@suffix=\count307
\series@index=\count308
)
(/usr/local/texlive/2022/texmf-dist/tex/generic/xstring/xstring.sty
(/usr/local/texlive/2022/texmf-dist/tex/generic/xstring/xstring.tex
\integerpart=\count309
\decimalpart=\count310
)
Package: xstring 2021/07/21 v1.84 String manipulations (CT)
)
\c@thm=\count311
)
(./laxkanstyle.sty
(/usr/local/texlive/2022/texmf-dist/tex/latex/base/textcomp.sty
Package: textcomp 2020/02/02 v2.0n Standard LaTeX package
LaTeX Font Info:    Changing ? sub-encoding to TS1/0 on input line 78.
)
(/usr/local/texlive/2022/texmf-dist/tex/latex/fbb/fbb.sty
Package: fbb 2020/07/01 v1.16 Style file for fbb fonts.

`fbb' v1.16, 2020/07/01 Text macros for fbb, a Bembo-like font family (msharpe)
(/usr/local/texlive/2022/texmf-dist/tex/latex/base/fontenc.sty
Package: fontenc 2021/04/29 v2.0v Standard LaTeX package

(/usr/local/texlive/2022/texmf-dist/tex/latex/ly1/ly1enc.def
File: ly1enc.def 2009/07/22 v0.7 TeX 'n ANSI encoding (DPC/KB)
Now handling font encoding LY1 ...
... processing UTF-8 mapping file for font encoding LY1

(/usr/local/texlive/2022/texmf-dist/tex/latex/base/ly1enc.dfu
File: ly1enc.dfu 2021/06/21 v1.2n UTF-8 support
   defining Unicode char U+00A0 (decimal 160)
   defining Unicode char U+00A1 (decimal 161)
   defining Unicode char U+00A2 (decimal 162)
   defining Unicode char U+00A3 (decimal 163)
   defining Unicode char U+00A4 (decimal 164)
   defining Unicode char U+00A5 (decimal 165)
   defining Unicode char U+00A6 (decimal 166)
   defining Unicode char U+00A7 (decimal 167)
   defining Unicode char U+00AA (decimal 170)
   defining Unicode char U+00AB (decimal 171)
   defining Unicode char U+00AD (decimal 173)
   defining Unicode char U+00AE (decimal 174)
   defining Unicode char U+00B0 (decimal 176)
   defining Unicode char U+00B5 (decimal 181)
   defining Unicode char U+00B6 (decimal 182)
   defining Unicode char U+00B7 (decimal 183)
   defining Unicode char U+00BA (decimal 186)
   defining Unicode char U+00BB (decimal 187)
   defining Unicode char U+00BC (decimal 188)
   defining Unicode char U+00BD (decimal 189)
   defining Unicode char U+00BE (decimal 190)
   defining Unicode char U+00BF (decimal 191)
   defining Unicode char U+00C0 (decimal 192)
   defining Unicode char U+00C1 (decimal 193)
   defining Unicode char U+00C2 (decimal 194)
   defining Unicode char U+00C3 (decimal 195)
   defining Unicode char U+00C4 (decimal 196)
   defining Unicode char U+00C5 (decimal 197)
   defining Unicode char U+00C6 (decimal 198)
   defining Unicode char U+00C7 (decimal 199)
   defining Unicode char U+00C8 (decimal 200)
   defining Unicode char U+00C9 (decimal 201)
   defining Unicode char U+00CA (decimal 202)
   defining Unicode char U+00CB (decimal 203)
   defining Unicode char U+00CC (decimal 204)
   defining Unicode char U+00CD (decimal 205)
   defining Unicode char U+00CE (decimal 206)
   defining Unicode char U+00CF (decimal 207)
   defining Unicode char U+00D0 (decimal 208)
   defining Unicode char U+00D1 (decimal 209)
   defining Unicode char U+00D2 (decimal 210)
   defining Unicode char U+00D3 (decimal 211)
   defining Unicode char U+00D4 (decimal 212)
   defining Unicode char U+00D5 (decimal 213)
   defining Unicode char U+00D6 (decimal 214)
   defining Unicode char U+00D8 (decimal 216)
   defining Unicode char U+00D9 (decimal 217)
   defining Unicode char U+00DA (decimal 218)
   defining Unicode char U+00DB (decimal 219)
   defining Unicode char U+00DC (decimal 220)
   defining Unicode char U+00DD (decimal 221)
   defining Unicode char U+00DE (decimal 222)
   defining Unicode char U+00DF (decimal 223)
   defining Unicode char U+00E0 (decimal 224)
   defining Unicode char U+00E1 (decimal 225)
   defining Unicode char U+00E2 (decimal 226)
   defining Unicode char U+00E3 (decimal 227)
   defining Unicode char U+00E4 (decimal 228)
   defining Unicode char U+00E5 (decimal 229)
   defining Unicode char U+00E6 (decimal 230)
   defining Unicode char U+00E7 (decimal 231)
   defining Unicode char U+00E8 (decimal 232)
   defining Unicode char U+00E9 (decimal 233)
   defining Unicode char U+00EA (decimal 234)
   defining Unicode char U+00EB (decimal 235)
   defining Unicode char U+00EC (decimal 236)
   defining Unicode char U+00ED (decimal 237)
   defining Unicode char U+00EE (decimal 238)
   defining Unicode char U+00EF (decimal 239)
   defining Unicode char U+00F0 (decimal 240)
   defining Unicode char U+00F1 (decimal 241)
   defining Unicode char U+00F2 (decimal 242)
   defining Unicode char U+00F3 (decimal 243)
   defining Unicode char U+00F4 (decimal 244)
   defining Unicode char U+00F5 (decimal 245)
   defining Unicode char U+00F6 (decimal 246)
   defining Unicode char U+00F8 (decimal 248)
   defining Unicode char U+00F9 (decimal 249)
   defining Unicode char U+00FA (decimal 250)
   defining Unicode char U+00FB (decimal 251)
   defining Unicode char U+00FC (decimal 252)
   defining Unicode char U+00FD (decimal 253)
   defining Unicode char U+00FE (decimal 254)
   defining Unicode char U+00FF (decimal 255)
   defining Unicode char U+0131 (decimal 305)
   defining Unicode char U+0141 (decimal 321)
   defining Unicode char U+0142 (decimal 322)
   defining Unicode char U+0152 (decimal 338)
   defining Unicode char U+0153 (decimal 339)
   defining Unicode char U+0160 (decimal 352)
   defining Unicode char U+0161 (decimal 353)
   defining Unicode char U+0174 (decimal 372)
   defining Unicode char U+0175 (decimal 373)
   defining Unicode char U+0176 (decimal 374)
   defining Unicode char U+0177 (decimal 375)
   defining Unicode char U+0178 (decimal 376)
   defining Unicode char U+017D (decimal 381)
   defining Unicode char U+017E (decimal 382)
   defining Unicode char U+0192 (decimal 402)
   defining Unicode char U+0218 (decimal 536)
   defining Unicode char U+0219 (decimal 537)
   defining Unicode char U+021A (decimal 538)
   defining Unicode char U+021B (decimal 539)
   defining Unicode char U+0237 (decimal 567)
   defining Unicode char U+02C6 (decimal 710)
   defining Unicode char U+02DC (decimal 732)
   defining Unicode char U+2013 (decimal 8211)
   defining Unicode char U+2014 (decimal 8212)
   defining Unicode char U+201C (decimal 8220)
   defining Unicode char U+201D (decimal 8221)
   defining Unicode char U+2020 (decimal 8224)
   defining Unicode char U+2021 (decimal 8225)
   defining Unicode char U+2022 (decimal 8226)
   defining Unicode char U+2026 (decimal 8230)
   defining Unicode char U+2030 (decimal 8240)
   defining Unicode char U+2039 (decimal 8249)
   defining Unicode char U+203A (decimal 8250)
   defining Unicode char U+2122 (decimal 8482)
   defining Unicode char U+FB00 (decimal 64256)
   defining Unicode char U+FB01 (decimal 64257)
   defining Unicode char U+FB02 (decimal 64258)
   defining Unicode char U+FB03 (decimal 64259)
   defining Unicode char U+FB04 (decimal 64260)
   defining Unicode char U+FB05 (decimal 64261)
   defining Unicode char U+FB06 (decimal 64262)
)))
(/usr/local/texlive/2022/texmf-dist/tex/generic/iftex/ifetex.sty
Package: ifetex 2019/10/25 v1.3 ifetex legacy package. Use iftex instead.
)
(/usr/local/texlive/2022/texmf-dist/tex/latex/etoolbox/etoolbox.sty
Package: etoolbox 2020/10/05 v2.5k e-TeX tools for LaTeX (JAW)
\etb@tempcnta=\count312
)
(/usr/local/texlive/2022/texmf-dist/tex/latex/base/ifthen.sty
Package: ifthen 2020/11/24 v1.1c Standard LaTeX ifthen package (DPC)
)
(/usr/local/texlive/2022/texmf-dist/tex/latex/fontaxes/fontaxes.sty
Package: fontaxes 2020/07/21 v1.0e Font selection axes
LaTeX Info: Redefining \upshape on input line 29.
LaTeX Info: Redefining \itshape on input line 31.
LaTeX Info: Redefining \slshape on input line 33.
LaTeX Info: Redefining \swshape on input line 35.
LaTeX Info: Redefining \scshape on input line 37.
LaTeX Info: Redefining \sscshape on input line 39.
LaTeX Info: Redefining \ulcshape on input line 41.
LaTeX Info: Redefining \textsw on input line 47.
LaTeX Info: Redefining \textssc on input line 48.
LaTeX Info: Redefining \textulc on input line 49.
)
LaTeX Info: Redefining \swshape on input line 41.

(/usr/local/texlive/2022/texmf-dist/tex/latex/xkeyval/xkeyval.sty
Package: xkeyval 2020/11/20 v2.8 package option processing (HA)

(/usr/local/texlive/2022/texmf-dist/tex/generic/xkeyval/xkeyval.tex
(/usr/local/texlive/2022/texmf-dist/tex/generic/xkeyval/xkvutils.tex
\XKV@toks=\toks45
\XKV@tempa@toks=\toks46
)
\XKV@depth=\count313
File: xkeyval.tex 2014/12/03 v2.7a key=value parser (HA)
)))
(/usr/local/texlive/2022/texmf-dist/tex/latex/cabin/cabin.sty
Package: cabin 2020/07/18 (Bob Tennent) Supports Cabin fonts for all LaTeX engi
nes.

(/usr/local/texlive/2022/texmf-dist/tex/generic/iftex/ifxetex.sty
Package: ifxetex 2019/10/25 v0.7 ifxetex legacy package. Use iftex instead.
)
(/usr/local/texlive/2022/texmf-dist/tex/generic/iftex/ifluatex.sty
Package: ifluatex 2019/10/25 v1.5 ifluatex legacy package. Use iftex instead.
)
(/usr/local/texlive/2022/texmf-dist/tex/latex/base/fontenc.sty
Package: fontenc 2021/04/29 v2.0v Standard LaTeX package
LaTeX Font Info:    Trying to load font information for T1+fbb-TLF on input lin
e 112.

(/usr/local/texlive/2022/texmf-dist/tex/latex/fbb/T1fbb-TLF.fd
File: T1fbb-TLF.fd 2020/07/01 (msharpe) Font definitions for T1/fbb-TLF.
)
LaTeX Font Info:    Font shape `T1/fbb-TLF/m/n' will be
(Font)              scaled to size 10.0pt on input line 112.
))
(/usr/local/texlive/2022/texmf-dist/tex/latex/inconsolata/zi4.sty
Package: zi4 2019/05/17 v1.12

`inconsolata-zi4' v1.12, 2019/05/17 Text macros for Inconsolata (msharpe)
\zifour@ocount=\count314
)
(/usr/local/texlive/2022/texmf-dist/tex/latex/base/fontenc.sty
Package: fontenc 2021/04/29 v2.0v Standard LaTeX package
)
(/usr/local/texlive/2022/texmf-dist/tex/latex/newtx/newtxmath.sty
Package: newtxmath 2022/01/16 v1.71

`newtxmath' v1.71, 2022/01/16 Math macros based originally on txfonts (msharpe)
(/usr/local/texlive/2022/texmf-dist/tex/latex/oberdiek/centernot.sty
Package: centernot 2016/05/16 v1.4 Centers the not symbol horizontally (HO)
)
\tx@cntz=\count315

(/usr/local/texlive/2022/texmf-dist/tex/generic/kastrup/binhex.tex)
\tx@Isdigit=\count316
\tx@IsAlNum=\count317
\tx@tA=\toks47
\tx@tB=\toks48
\tx@su=\read4

amsthm NOT loaded
LaTeX Font Info:    Redeclaring symbol font `operators' on input line 376.
LaTeX Font Info:    Overwriting symbol font `operators' in version `normal'
(Font)                  OT1/cmr/m/n --> OT1/fbb-TLF/m/n on input line 376.
LaTeX Font Info:    Overwriting symbol font `operators' in version `bold'
(Font)                  OT1/cmr/bx/n --> OT1/fbb-TLF/m/n on input line 376.
LaTeX Font Info:    Overwriting symbol font `operators' in version `bold'
(Font)                  OT1/fbb-TLF/m/n --> OT1/fbb-TLF/sb/n on input line 377.

LaTeX Font Info:    Redeclaring math alphabet \mathsf on input line 383.
LaTeX Font Info:    Overwriting math alphabet `\mathsf' in version `normal'
(Font)                  OT1/cmss/m/n --> T1/Cabin-TLF/m/n on input line 383.
LaTeX Font Info:    Overwriting math alphabet `\mathsf' in version `bold'
(Font)                  OT1/cmss/bx/n --> T1/Cabin-TLF/m/n on input line 383.
LaTeX Font Info:    Redeclaring math alphabet \mathit on input line 384.
LaTeX Font Info:    Overwriting math alphabet `\mathit' in version `normal'
(Font)                  OT1/cmr/m/it --> OT1/fbb-TLF/m/it on input line 384.
LaTeX Font Info:    Overwriting math alphabet `\mathit' in version `bold'
(Font)                  OT1/cmr/bx/it --> OT1/fbb-TLF/m/it on input line 384.
LaTeX Font Info:    Redeclaring math alphabet \mathtt on input line 385.
LaTeX Font Info:    Overwriting math alphabet `\mathtt' in version `normal'
(Font)                  OT1/cmtt/m/n --> T1/zi4/m/n on input line 385.
LaTeX Font Info:    Overwriting math alphabet `\mathtt' in version `bold'
(Font)                  OT1/cmtt/m/n --> T1/zi4/m/n on input line 385.
LaTeX Font Info:    Redeclaring math alphabet \mathbf on input line 387.
LaTeX Font Info:    Overwriting math alphabet `\mathbf' in version `normal'
(Font)                  OT1/cmr/bx/n --> OT1/fbb-TLF/sb/n on input line 387.
LaTeX Font Info:    Overwriting math alphabet `\mathbf' in version `bold'
(Font)                  OT1/cmr/bx/n --> OT1/fbb-TLF/sb/n on input line 387.
LaTeX Font Info:    Overwriting math alphabet `\mathit' in version `bold'
(Font)                  OT1/fbb-TLF/m/it --> OT1/fbb-TLF/sb/it on input line 38
8.
LaTeX Font Info:    Overwriting math alphabet `\mathsf' in version `bold'
(Font)                  T1/Cabin-TLF/m/n --> T1/Cabin-TLF/b/n on input line 389
.
LaTeX Font Info:    Overwriting math alphabet `\mathtt' in version `bold'
(Font)                  T1/zi4/m/n --> T1/zi4/b/n on input line 390.
LaTeX Font Info:    Redeclaring symbol font `letters' on input line 407.
LaTeX Font Info:    Overwriting symbol font `letters' in version `normal'
(Font)                  OML/cmm/m/it --> OML/nxlmi/m/it on input line 407.
LaTeX Font Info:    Overwriting symbol font `letters' in version `bold'
(Font)                  OML/cmm/b/it --> OML/nxlmi/m/it on input line 407.
LaTeX Font Info:    Overwriting symbol font `letters' in version `bold'
(Font)                  OML/nxlmi/m/it --> OML/nxlmi/b/it on input line 408.
\symlettersA=\mathgroup6
LaTeX Font Info:    Overwriting symbol font `lettersA' in version `bold'
(Font)                  U/ntxmia/m/it --> U/ntxmia/b/it on input line 547.
LaTeX Font Info:    Redeclaring math alphabet \mathfrak on input line 549.
Now handling font encoding LMS ...
... no UTF-8 mapping file for font encoding LMS
LaTeX Font Info:    Redeclaring symbol font `symbols' on input line 568.
LaTeX Font Info:    Encoding `OMS' has changed to `LMS' for symbol font
(Font)              `symbols' in the math version `normal' on input line 568.
LaTeX Font Info:    Overwriting symbol font `symbols' in version `normal'
(Font)                  OMS/cmsy/m/n --> LMS/ntxsy/m/n on input line 568.
LaTeX Font Info:    Encoding `OMS' has changed to `LMS' for symbol font
(Font)              `symbols' in the math version `bold' on input line 568.
LaTeX Font Info:    Overwriting symbol font `symbols' in version `bold'
(Font)                  OMS/cmsy/b/n --> LMS/ntxsy/m/n on input line 568.
LaTeX Font Info:    Overwriting symbol font `symbols' in version `bold'
(Font)                  LMS/ntxsy/m/n --> LMS/ntxsy/b/n on input line 569.
\symAMSm=\mathgroup7
LaTeX Font Info:    Overwriting symbol font `AMSm' in version `bold'
(Font)                  U/ntxsym/m/n --> U/ntxsym/b/n on input line 594.
\symsymbolsC=\mathgroup8
LaTeX Font Info:    Overwriting symbol font `symbolsC' in version `bold'
(Font)                  U/ntxsyc/m/n --> U/ntxsyc/b/n on input line 615.
Now handling font encoding LMX ...
... no UTF-8 mapping file for font encoding LMX
LaTeX Font Info:    Redeclaring symbol font `largesymbols' on input line 628.
LaTeX Font Info:    Encoding `OMX' has changed to `LMX' for symbol font
(Font)              `largesymbols' in the math version `normal' on input line 6
28.
LaTeX Font Info:    Overwriting symbol font `largesymbols' in version `normal'
(Font)                  OMX/cmex/m/n --> LMX/ntxexx/m/n on input line 628.
LaTeX Font Info:    Encoding `OMX' has changed to `LMX' for symbol font
(Font)              `largesymbols' in the math version `bold' on input line 628
.
LaTeX Font Info:    Overwriting symbol font `largesymbols' in version `bold'
(Font)                  OMX/cmex/m/n --> LMX/ntxexx/m/n on input line 628.
LaTeX Font Info:    Overwriting symbol font `largesymbols' in version `bold'
(Font)                  LMX/ntxexx/m/n --> LMX/ntxexx/b/n on input line 629.
\symlargesymbolsTXA=\mathgroup9
LaTeX Font Info:    Overwriting symbol font `largesymbolsTXA' in version `bold'

(Font)                  U/ntxexa/m/n --> U/ntxexa/b/n on input line 643.
\tx@sbptoks=\toks49
LaTeX Font Info:    Redeclaring math delimiter \lfloor on input line 866.
LaTeX Font Info:    Redeclaring math delimiter \rfloor on input line 867.
LaTeX Font Info:    Redeclaring math delimiter \lceil on input line 868.
LaTeX Font Info:    Redeclaring math delimiter \rceil on input line 869.
LaTeX Font Info:    Redeclaring math delimiter \lbrace on input line 870.
LaTeX Font Info:    Redeclaring math delimiter \rbrace on input line 871.
LaTeX Font Info:    Redeclaring math delimiter \langle on input line 872.
LaTeX Font Info:    Redeclaring math delimiter \rangle on input line 874.
LaTeX Font Info:    Redeclaring math delimiter \arrowvert on input line 878.
LaTeX Font Info:    Redeclaring math delimiter \vert on input line 879.
LaTeX Font Info:    Redeclaring math accent \dot on input line 950.
LaTeX Font Info:    Redeclaring math accent \ddot on input line 951.
LaTeX Font Info:    Redeclaring math accent \vec on input line 2020.
LaTeX Info: Redefining \Bbbk on input line 2810.
LaTeX Info: Redefining \not on input line 2959.
LaTeX Info: Redefining \textsquare on input line 2989.
LaTeX Info: Redefining \openbox on input line 2991.
) (/usr/local/texlive/2022/texmf-dist/tex/latex/mathalpha/mathalfa.sty)
(/usr/local/texlive/2022/texmf-dist/tex/latex/mathalpha/mathalpha.sty
Package: mathalpha 2021/11/18 - 1.143mathalpha (License LPPL) Michael Sharpe

`mathalpha' v1.143, 2021/11/18, a renaming of mathalfa (msharpe)
LaTeX Font Info:    Overwriting math alphabet `\mathbb' in version `bold'
(Font)                  U/BOONDOX-ds/m/n --> U/BOONDOX-ds/b/n on input line 209
.
LaTeX Font Info:    Redeclaring math alphabet \mathcal on input line 554.
LaTeX Font Info:    Overwriting math alphabet `\mathcal' in version `bold'
(Font)                  U/BOONDOX-calo/m/n --> U/BOONDOX-calo/b/n on input line
 556.
LaTeX Font Info:    Overwriting math alphabet `\mathfrak' in version `bold'
(Font)                  U/BOONDOX-frak/m/n --> U/BOONDOX-frak/b/n on input line
 771.
)
(./runediag.sty)
\c@thmA=\count318
\perspective=\skip59

(/usr/local/texlive/2022/texmf-dist/tex/latex/extarrows/extarrows.sty
Package: extarrows 2020/03/12 v1.2.0 Some extensible arrows
)
(/usr/local/texlive/2022/texmf-dist/tex/latex/boondox/BOONDOX-uprscr.sty
Package: BOONDOX-uprscr 2017/02/23 v1 U/BOONDOXUprScr
LaTeX Font Info:    Overwriting math alphabet `\mathscr' in version `bold'
(Font)                  U/boondoxuprscr/m/n --> U/boondoxuprscr/b/n on input li
ne 11.
)
\symbbold=\mathgroup10

(/usr/local/texlive/2022/texmf-dist/tex/generic/pgf/frontendlayer/tikz/librarie
s/tikzlibrarydecorations.pathmorphing.code.tex
(/usr/local/texlive/2022/texmf-dist/tex/generic/pgf/frontendlayer/tikz/librarie
s/tikzlibrarydecorations.code.tex
(/usr/local/texlive/2022/texmf-dist/tex/generic/pgf/modules/pgfmoduledecoration
s.code.tex
\pgfdecoratedcompleteddistance=\dimen270
\pgfdecoratedremainingdistance=\dimen271
\pgfdecoratedinputsegmentcompleteddistance=\dimen272
\pgfdecoratedinputsegmentremainingdistance=\dimen273
\pgf@decorate@distancetomove=\dimen274
\pgf@decorate@repeatstate=\count319
\pgfdecorationsegmentamplitude=\dimen275
\pgfdecorationsegmentlength=\dimen276
)
\tikz@lib@dec@box=\box65
)
(/usr/local/texlive/2022/texmf-dist/tex/generic/pgf/libraries/decorations/pgfli
brarydecorations.pathmorphing.code.tex)))
LaTeX Font Info:    Trying to load font information for T1+fbb-LF on input line
 14.

(/usr/local/texlive/2022/texmf-dist/tex/latex/fbb/T1fbb-LF.fd
File: T1fbb-LF.fd 2020/07/01 (msharpe) Font definitions for T1/fbb-LF.
)
LaTeX Font Info:    Font shape `T1/fbb-LF/m/n' will be
(Font)              scaled to size 10.0pt on input line 14.

(/usr/local/texlive/2022/texmf-dist/tex/latex/l3backend/l3backend-pdftex.def
File: l3backend-pdftex.def 2022-02-07 L3 backend support: PDF output (pdfTeX)
\l__color_backend_stack_int=\count320
\l__pdf_internal_box=\box66
)
(./laxkan.aux)
\openout1 = `laxkan.aux'.

LaTeX Font Info:    Checking defaults for OML/nxlmi/m/it on input line 14.
LaTeX Font Info:    Trying to load font information for OML+nxlmi on input line
 14.
 (/usr/local/texlive/2022/texmf-dist/tex/latex/newtx/omlnxlmi.fd
File: omlnxlmi.fd 2013/11/19 Fontinst v1.933 font definitions for OML/nxlmi.
)
LaTeX Font Info:    ... okay on input line 14.
LaTeX Font Info:    Checking defaults for OMS/cmsy/m/n on input line 14.
LaTeX Font Info:    ... okay on input line 14.
LaTeX Font Info:    Checking defaults for OT1/cmr/m/n on input line 14.
LaTeX Font Info:    ... okay on input line 14.
LaTeX Font Info:    Checking defaults for T1/cmr/m/n on input line 14.
LaTeX Font Info:    ... okay on input line 14.
LaTeX Font Info:    Checking defaults for TS1/cmr/m/n on input line 14.
LaTeX Font Info:    ... okay on input line 14.
LaTeX Font Info:    Checking defaults for OMX/cmex/m/n on input line 14.
LaTeX Font Info:    ... okay on input line 14.
LaTeX Font Info:    Checking defaults for U/ntxexa/m/n on input line 14.
LaTeX Font Info:    Trying to load font information for U+ntxexa on input line 
14.
(/usr/local/texlive/2022/texmf-dist/tex/latex/newtx/untxexa.fd
File: untxexa.fd 2012/04/16 Fontinst v1.933 font definitions for U/ntxexa.
)
LaTeX Font Info:    ... okay on input line 14.
LaTeX Font Info:    Checking defaults for PD1/pdf/m/n on input line 14.
LaTeX Font Info:    ... okay on input line 14.
LaTeX Font Info:    Checking defaults for PU/pdf/m/n on input line 14.
LaTeX Font Info:    ... okay on input line 14.
LaTeX Font Info:    Checking defaults for LY1/ptm/m/n on input line 14.
LaTeX Font Info:    Trying to load font information for LY1+ptm on input line 1
4.

(/usr/local/texlive/2022/texmf-dist/tex/latex/ly1/ly1ptm.fd
File: ly1ptm.fd 2001/02/01 font definitions for LY1/ptm using Berry names.
)
LaTeX Font Info:    ... okay on input line 14.
LaTeX Font Info:    Checking defaults for LMS/ntxsy/m/n on input line 14.
LaTeX Font Info:    Trying to load font information for LMS+ntxsy on input line
 14.

(/usr/local/texlive/2022/texmf-dist/tex/latex/newtx/lmsntxsy.fd
File: lmsntxsy.fd 2016/07/02 Fontinst v1.933 font definitions for LMS/ntxsy.
)
LaTeX Font Info:    ... okay on input line 14.
LaTeX Font Info:    Checking defaults for LMX/ntxexx/m/n on input line 14.
LaTeX Font Info:    Trying to load font information for LMX+ntxexx on input lin
e 14.

(/usr/local/texlive/2022/texmf-dist/tex/latex/newtx/lmxntxexx.fd
File: lmxntxexx.fd 2016/07/03 Fontinst v1.933 font definitions for LMX/ntxexx.
)
LaTeX Font Info:    ... okay on input line 14.
LaTeX Font Info:    Font shape `T1/fbb-LF/m/n' will be
(Font)              scaled to size 8.0pt on input line 14.
LaTeX Font Info:    Trying to load font information for OT1+fbb-TLF on input li
ne 14.

(/usr/local/texlive/2022/texmf-dist/tex/latex/fbb/OT1fbb-TLF.fd
File: OT1fbb-TLF.fd 2020/07/01 (msharpe) Font definitions for OT1/fbb-TLF.
)
LaTeX Font Info:    Font shape `OT1/fbb-TLF/m/n' will be
(Font)              scaled to size 8.0pt on input line 14.
LaTeX Font Info:    Font shape `OT1/fbb-TLF/m/n' will be
(Font)              scaled to size 6.2pt on input line 14.
LaTeX Font Info:    Font shape `OT1/fbb-TLF/m/n' will be
(Font)              scaled to size 5.5pt on input line 14.
LaTeX Font Info:    Trying to load font information for U+msa on input line 14.


(/usr/local/texlive/2022/texmf-dist/tex/latex/amsfonts/umsa.fd
File: umsa.fd 2013/01/14 v3.01 AMS symbols A
)
LaTeX Font Info:    Trying to load font information for U+msb on input line 14.


(/usr/local/texlive/2022/texmf-dist/tex/latex/amsfonts/umsb.fd
File: umsb.fd 2013/01/14 v3.01 AMS symbols B
)
LaTeX Font Info:    Trying to load font information for U+ntxmia on input line 
14.

(/usr/local/texlive/2022/texmf-dist/tex/latex/newtx/untxmia.fd
File: untxmia.fd 2018/04/14 Fontinst v1.933 font definitions for U/ntxmia.
)
LaTeX Font Info:    Trying to load font information for U+ntxsym on input line 
14.

(/usr/local/texlive/2022/texmf-dist/tex/latex/newtx/untxsym.fd
File: untxsym.fd 2015/03/20 Fontinst v1.933 font definitions for U/ntxsym.
)
LaTeX Font Info:    Trying to load font information for U+ntxsyc on input line 
14.

(/usr/local/texlive/2022/texmf-dist/tex/latex/newtx/untxsyc.fd
File: untxsyc.fd 2012/04/12 Fontinst v1.933 font definitions for U/ntxsyc.
)
LaTeX Font Info:    Trying to load font information for U+bbold on input line 1
4.

(/usr/local/texlive/2022/texmf-dist/tex/latex/bbold/Ubbold.fd)

LaTeX Font Warning: Font shape `U/bbold/m/n' in size <5.5> not available
(Font)              size <5> substituted on input line 14.

Package hyperref Info: Link coloring ON on input line 14.
(/usr/local/texlive/2022/texmf-dist/tex/latex/hyperref/nameref.sty
Package: nameref 2021-04-02 v2.47 Cross-referencing by name of section

(/usr/local/texlive/2022/texmf-dist/tex/latex/refcount/refcount.sty
Package: refcount 2019/12/15 v3.6 Data extraction from label references (HO)
)
(/usr/local/texlive/2022/texmf-dist/tex/generic/gettitlestring/gettitlestring.s
ty
Package: gettitlestring 2019/12/15 v1.6 Cleanup title references (HO)
)
\c@section@level=\count321
)
LaTeX Info: Redefining \ref on input line 14.
LaTeX Info: Redefining \pageref on input line 14.
LaTeX Info: Redefining \nameref on input line 14.
 (./laxkan.out) (./laxkan.out)
\@outlinefile=\write4
\openout4 = `laxkan.out'.


(/usr/local/texlive/2022/texmf-dist/tex/context/base/mkii/supp-pdf.mkii
[Loading MPS to PDF converter (version 2006.09.02).]
\scratchcounter=\count322
\scratchdimen=\dimen277
\scratchbox=\box67
\nofMPsegments=\count323
\nofMParguments=\count324
\everyMPshowfont=\toks50
\MPscratchCnt=\count325
\MPscratchDim=\dimen278
\MPnumerator=\count326
\makeMPintoPDFobject=\count327
\everyMPtoPDFconversion=\toks51
) (/usr/local/texlive/2022/texmf-dist/tex/latex/epstopdf-pkg/epstopdf-base.sty
Package: epstopdf-base 2020-01-24 v2.11 Base part for package epstopdf
Package epstopdf-base Info: Redefining graphics rule for `.eps' on input line 4
85.

(/usr/local/texlive/2022/texmf-dist/tex/latex/latexconfig/epstopdf-sys.cfg
File: epstopdf-sys.cfg 2010/07/13 v1.3 Configuration of (r)epstopdf for TeX Liv
e
))
\c@mv@tabular=\count328
\c@mv@boldtabular=\count329

(/usr/local/texlive/2022/texmf-dist/tex/latex/upquote/upquote.sty
Package: upquote 2012/04/19 v1.3 upright-quote and grave-accent glyphs in verba
tim
)
LaTeX Font Info:    Font shape `T1/fbb-LF/m/sc' will be
(Font)              scaled to size 8.0pt on input line 15.
LaTeX Font Info:    Font shape `T1/fbb-LF/m/it' will be
(Font)              scaled to size 8.0pt on input line 19.
LaTeX Font Info:    Font shape `T1/fbb-LF/b/n' will be
(Font)              scaled to size 10.0pt on input line 19.
LaTeX Font Info:    Font shape `OT1/fbb-TLF/m/n' will be
(Font)              scaled to size 10.0pt on input line 19.
LaTeX Font Info:    Font shape `OT1/fbb-TLF/m/n' will be
(Font)              scaled to size 7.3pt on input line 19.
LaTeX Font Info:    Font shape `T1/fbb-LF/m/sc' will be
(Font)              scaled to size 10.0pt on input line 20.

(./laxkan.toc)
\tf@toc=\write5
\openout5 = `laxkan.toc'.

LaTeX Font Info:    Font shape `U/BOONDOX-ds/m/n' will be
(Font)              scaled to size 10.0pt on input line 27.
LaTeX Font Info:    Font shape `U/BOONDOX-ds/m/n' will be
(Font)              scaled to size 7.3pt on input line 27.
LaTeX Font Info:    Font shape `U/BOONDOX-ds/m/n' will be
(Font)              scaled to size 5.5pt on input line 27.
LaTeX Font Info:    Trying to load font information for T1+Cabin-TLF on input l
ine 27.

(/usr/local/texlive/2022/texmf-dist/tex/latex/cabin/T1Cabin-TLF.fd
File: T1Cabin-TLF.fd 2020/07/15 (autoinst) Font definitions for T1/Cabin-TLF.
)
LaTeX Font Info:    Font shape `T1/Cabin-TLF/m/n' aliased to
(Font)              `T1/Cabin-TLF/regular/n' on input line 27.
LaTeX Font Info:    Font shape `T1/Cabin-TLF/regular/n' will be
(Font)              scaled to size 9.49997pt on input line 27.
LaTeX Font Info:    Font shape `T1/fbb-LF/m/n' will be
(Font)              scaled to size 7.3pt on input line 27.
LaTeX Font Info:    Font shape `T1/fbb-LF/m/n' will be
(Font)              scaled to size 5.5pt on input line 27.
LaTeX Font Info:    Font shape `T1/fbb-LF/m/it' will be
(Font)              scaled to size 10.0pt on input line 33.
LaTeX Font Info:    Font shape `T1/fbb-LF/m/it' will be
(Font)              scaled to size 7.3pt on input line 45.
LaTeX Font Info:    Font shape `T1/fbb-LF/m/it' will be
(Font)              scaled to size 5.5pt on input line 45.
LaTeX Font Info:    Font shape `U/BOONDOX-calo/m/n' will be
(Font)              scaled to size 10.0pt on input line 45.
LaTeX Font Info:    Font shape `U/BOONDOX-calo/m/n' will be
(Font)              scaled to size 7.3pt on input line 45.
LaTeX Font Info:    Font shape `U/BOONDOX-calo/m/n' will be
(Font)              scaled to size 5.5pt on input line 45.
LaTeX Font Info:    Font shape `T1/fbb-LF/m/n' will be
(Font)              scaled to size 7.0pt on input line 48.
 [1{/usr/local/texlive/2022/texmf-var/fonts/map/pdftex/updmap/pdftex.map}]
LaTeX Font Info:    Freeze math alphabet allocation in version normal.
(Font)              Allocated math groups: 14 (local: 2) on input line 98.
LaTeX Font Info:    Font shape `U/BOONDOX-frak/m/n' will be
(Font)              scaled to size 10.0pt on input line 98.
LaTeX Font Info:    Font shape `U/BOONDOX-frak/m/n' will be
(Font)              scaled to size 7.3pt on input line 98.
LaTeX Font Info:    Font shape `U/BOONDOX-frak/m/n' will be
(Font)              scaled to size 5.5pt on input line 98.
LaTeX Font Info:    Undo math alphabet allocation in version normal on input li
ne 98.

! Double subscript.
l.98      \mathfrak{F}_{(i,j)}: \CATIT_
                                       {/\tC} \to \FIB_{(i,j)}(\tC),
I treat `x_1_2' essentially like `x_1{}_2'.

LaTeX Font Info:    No math alphabet change to frozen version normal on input l
ine 98.
[2]
LaTeX Font Info:    No math alphabet change to frozen version normal on input l
ine 99.
LaTeX Font Info:    No math alphabet change to frozen version normal on input l
ine 102.
LaTeX Font Info:    No math alphabet change to frozen version normal on input l
ine 102.
LaTeX Font Info:    Undo math alphabet allocation in version normal on input li
ne 102.
LaTeX Font Info:    Undo math alphabet allocation in version normal on input li
ne 105.
LaTeX Font Info:    No math alphabet change to frozen version normal on input l
ine 105.
LaTeX Font Info:    No math alphabet change to frozen version normal on input l
ine 106.
LaTeX Font Info:    No math alphabet change to frozen version normal on input l
ine 106.
LaTeX Font Info:    No math alphabet change to frozen version normal on input l
ine 106.
LaTeX Font Info:    No math alphabet change to frozen version normal on input l
ine 107.
LaTeX Font Info:    No math alphabet change to frozen version normal on input l
ine 107.
LaTeX Font Info:    No math alphabet change to frozen version normal on input l
ine 107.
LaTeX Font Info:    No math alphabet change to frozen version normal on input l
ine 107.
LaTeX Font Info:    No math alphabet change to frozen version normal on input l
ine 107.
LaTeX Font Info:    No math alphabet change to frozen version normal on input l
ine 107.
LaTeX Font Info:    No math alphabet change to frozen version normal on input l
ine 107.
LaTeX Font Info:    No math alphabet change to frozen version normal on input l
ine 107.
LaTeX Font Info:    No math alphabet change to frozen version normal on input l
ine 107.
LaTeX Font Info:    No math alphabet change to frozen version normal on input l
ine 107.
LaTeX Font Info:    No math alphabet change to frozen version normal on input l
ine 107.
LaTeX Font Info:    No math alphabet change to frozen version normal on input l
ine 107.
LaTeX Font Info:    No math alphabet change to frozen version normal on input l
ine 107.
LaTeX Font Info:    No math alphabet change to frozen version normal on input l
ine 107.
LaTeX Font Info:    No math alphabet change to frozen version normal on input l
ine 107.
LaTeX Font Info:    No math alphabet change to frozen version normal on input l
ine 107.
LaTeX Font Info:    No math alphabet change to frozen version normal on input l
ine 107.
LaTeX Font Info:    No math alphabet change to frozen version normal on input l
ine 107.
LaTeX Font Info:    No math alphabet change to frozen version normal on input l
ine 107.
LaTeX Font Info:    No math alphabet change to frozen version normal on input l
ine 107.
LaTeX Font Info:    No math alphabet change to frozen version normal on input l
ine 107.
LaTeX Font Info:    No math alphabet change to frozen version normal on input l
ine 107.
LaTeX Font Info:    No math alphabet change to frozen version normal on input l
ine 107.
LaTeX Font Info:    No math alphabet change to frozen version normal on input l
ine 107.
LaTeX Font Info:    No math alphabet change to frozen version normal on input l
ine 107.
LaTeX Font Info:    No math alphabet change to frozen version normal on input l
ine 107.
LaTeX Font Info:    No math alphabet change to frozen version normal on input l
ine 107.
LaTeX Font Info:    No math alphabet change to frozen version normal on input l
ine 107.
LaTeX Font Info:    No math alphabet change to frozen version normal on input l
ine 107.
LaTeX Font Info:    No math alphabet change to frozen version normal on input l
ine 107.
LaTeX Font Info:    No math alphabet change to frozen version normal on input l
ine 107.
LaTeX Font Info:    No math alphabet change to frozen version normal on input l
ine 107.
LaTeX Font Info:    No math alphabet change to frozen version normal on input l
ine 107.
LaTeX Font Info:    No math alphabet change to frozen version normal on input l
ine 107.
LaTeX Font Info:    No math alphabet change to frozen version normal on input l
ine 107.
LaTeX Font Info:    No math alphabet change to frozen version normal on input l
ine 107.
LaTeX Font Info:    No math alphabet change to frozen version normal on input l
ine 108.
LaTeX Font Info:    No math alphabet change to frozen version normal on input l
ine 109.
LaTeX Font Info:    No math alphabet change to frozen version normal on input l
ine 109.
LaTeX Font Info:    No math alphabet change to frozen version normal on input l
ine 109.
LaTeX Font Info:    No math alphabet change to frozen version normal on input l
ine 109.
LaTeX Font Info:    No math alphabet change to frozen version normal on input l
ine 109.
LaTeX Font Info:    No math alphabet change to frozen version normal on input l
ine 109.
LaTeX Font Info:    No math alphabet change to frozen version normal on input l
ine 109.
LaTeX Font Info:    No math alphabet change to frozen version normal on input l
ine 111.
LaTeX Font Info:    No math alphabet change to frozen version normal on input l
ine 116.
LaTeX Font Info:    No math alphabet change to frozen version normal on input l
ine 116.
LaTeX Font Info:    Undo math alphabet allocation in version normal on input li
ne 116.
LaTeX Font Info:    No math alphabet change to frozen version normal on input l
ine 118.
LaTeX Font Info:    No math alphabet change to frozen version normal on input l
ine 118.
LaTeX Font Info:    No math alphabet change to frozen version normal on input l
ine 118.
LaTeX Font Info:    No math alphabet change to frozen version normal on input l
ine 119.
LaTeX Font Info:    No math alphabet change to frozen version normal on input l
ine 119.
LaTeX Font Info:    No math alphabet change to frozen version normal on input l
ine 119.
LaTeX Font Info:    No math alphabet change to frozen version normal on input l
ine 120.
LaTeX Font Info:    No math alphabet change to frozen version normal on input l
ine 120.
LaTeX Font Info:    Undo math alphabet allocation in version normal on input li
ne 122.
LaTeX Font Info:    Undo math alphabet allocation in version normal on input li
ne 122.
LaTeX Font Info:    No math alphabet change to frozen version normal on input l
ine 122.
LaTeX Font Info:    No math alphabet change to frozen version normal on input l
ine 122.
LaTeX Font Info:    No math alphabet change to frozen version normal on input l
ine 122.
LaTeX Font Info:    No math alphabet change to frozen version normal on input l
ine 128.
LaTeX Font Info:    No math alphabet change to frozen version normal on input l
ine 128.
LaTeX Font Info:    Undo math alphabet allocation in version normal on input li
ne 128.
LaTeX Font Info:    No math alphabet change to frozen version normal on input l
ine 128.
LaTeX Font Info:    No math alphabet change to frozen version normal on input l
ine 128.
LaTeX Font Info:    Undo math alphabet allocation in version normal on input li
ne 128.
LaTeX Font Info:    No math alphabet change to frozen version normal on input l
ine 128.
LaTeX Font Info:    No math alphabet change to frozen version normal on input l
ine 128.
LaTeX Font Info:    Undo math alphabet allocation in version normal on input li
ne 128.
LaTeX Font Info:    Undo math alphabet allocation in version normal on input li
ne 128.
LaTeX Font Info:    No math alphabet change to frozen version normal on input l
ine 132.

! Double subscript.
l.132    Let $\CATIT_
                     {/(\tC,\mathfrak{p})}$ be the locally full subcategory ...
I treat `x_1_2' essentially like `x_1{}_2'.

LaTeX Font Info:    Undo math alphabet allocation in version normal on input li
ne 132.
LaTeX Font Info:    No math alphabet change to frozen version normal on input l
ine 132.
! Double subscript.
l.132 ... the locally full subcategory of $\CATIT_
                                                  {/\tC}$ whose objects are ...
I treat `x_1_2' essentially like `x_1{}_2'.

LaTeX Font Info:    No math alphabet change to frozen version normal on input l
ine 132.
LaTeX Font Info:    No math alphabet change to frozen version normal on input l
ine 132.
LaTeX Font Info:    No math alphabet change to frozen version normal on input l
ine 134.
LaTeX Font Info:    No math alphabet change to frozen version normal on input l
ine 134.
LaTeX Font Info:    No math alphabet change to frozen version normal on input l
ine 134.
LaTeX Font Info:    Font shape `T1/fbb-LF/m/n' will be
(Font)              scaled to size 6.0pt on input line 134.
LaTeX Font Info:    No math alphabet change to frozen version normal on input l
ine 135.
LaTeX Font Info:    No math alphabet change to frozen version normal on input l
ine 135.
LaTeX Font Info:    No math alphabet change to frozen version normal on input l
ine 135.
LaTeX Font Info:    No math alphabet change to frozen version normal on input l
ine 135.
LaTeX Font Info:    No math alphabet change to frozen version normal on input l
ine 137.
! Double subscript.
l.137     The morphisms in $\CATIT_
                                   {/(\tC,\mathfrak{p})}$ are precisely thos...
I treat `x_1_2' essentially like `x_1{}_2'.

LaTeX Font Info:    Undo math alphabet allocation in version normal on input li
ne 137.
LaTeX Font Info:    No math alphabet change to frozen version normal on input l
ine 137.
LaTeX Font Info:    No math alphabet change to frozen version normal on input l
ine 137.
LaTeX Font Info:    No math alphabet change to frozen version normal on input l
ine 137.
LaTeX Font Info:    No math alphabet change to frozen version normal on input l
ine 137.
LaTeX Font Info:    No math alphabet change to frozen version normal on input l
ine 137.
! Double subscript.
l.137 ...tX \to \tC$ and $\tY \to \tC$ in $\CATIT_
                                                  {/(\tC,\mathfrak{p})}$ we ...
I treat `x_1_2' essentially like `x_1{}_2'.

LaTeX Font Info:    Undo math alphabet allocation in version normal on input li
ne 137.
LaTeX Font Info:    No math alphabet change to frozen version normal on input l
ine 137.
LaTeX Font Info:    Undo math alphabet allocation in version normal on input li
ne 137.
LaTeX Font Info:    No math alphabet change to frozen version normal on input l
ine 137.
LaTeX Font Info:    No math alphabet change to frozen version normal on input l
ine 137.
! Double subscript.
l.137 ...the mapping $\infty$-category in $\CATIT_
                                                  {/(\tC,\mathfrak{p})}$.
I treat `x_1_2' essentially like `x_1{}_2'.

LaTeX Font Info:    Undo math alphabet allocation in version normal on input li
ne 137.
LaTeX Font Info:    No math alphabet change to frozen version normal on input l
ine 141.
! Double subscript.
l.141    Observe that $\CATIT_
                              {/(\tC,\mathfrak{p}^{(i,j)}_{\flat})}$ is simp...
I treat `x_1_2' essentially like `x_1{}_2'.

LaTeX Font Info:    Undo math alphabet allocation in version normal on input li
ne 141.
LaTeX Font Info:    No math alphabet change to frozen version normal on input l
ine 141.
LaTeX Font Info:    No math alphabet change to frozen version normal on input l
ine 141.
! Double subscript.
l.141 ... the slice $(\infty,2)$-category $\CATIT_
                                                  {/\tC}$ and that if $\math...
I treat `x_1_2' essentially like `x_1{}_2'.

LaTeX Font Info:    No math alphabet change to frozen version normal on input l
ine 141.
LaTeX Font Info:    Undo math alphabet allocation in version normal on input li
ne 141.
LaTeX Font Info:    No math alphabet change to frozen version normal on input l
ine 141.
! Double subscript.
l.141 ...ak{p}=(\tC,(i,j),E,\sharp)$ then $\CATIT_
                                                  {/(\tC,\mathfrak{p})}$ is ...
I treat `x_1_2' essentially like `x_1{}_2'.

LaTeX Font Info:    Undo math alphabet allocation in version normal on input li
ne 141.
LaTeX Font Info:    No math alphabet change to frozen version normal on input l
ine 141.
LaTeX Font Info:    No math alphabet change to frozen version normal on input l
ine 141.
LaTeX Font Info:    No math alphabet change to frozen version normal on input l
ine 141.

Overfull \hbox (8.47601pt too wide) in paragraph at lines 141--142
[]\T1/fbb-LF/b/n/10 Remark 2.0.4. []\T1/fbb-LF/m/n/10 Ob-serve that $[][][]$ is
 sim-ply given by the slice $\LMS/ntxsy/m/n/10 1\OML/nxlmi/m/it/10 ; \OT1/fbb-
TLF/m/n/10 2\LMS/ntxsy/m/n/10 $\T1/fbb-LF/m/n/10 -category
 []

LaTeX Font Info:    No math alphabet change to frozen version normal on input l
ine 145.
LaTeX Font Info:    Undo math alphabet allocation in version normal on input li
ne 145.
LaTeX Font Info:    No math alphabet change to frozen version normal on input l
ine 145.
LaTeX Font Info:    No math alphabet change to frozen version normal on input l
ine 145.
LaTeX Font Info:    No math alphabet change to frozen version normal on input l
ine 147.
! Double subscript.
l.147      f^*:   \CATIT_
                         {/(\tD,\mathfrak{q})} \to \CATIT_{/(\tC,\mathfrak{p})}
I treat `x_1_2' essentially like `x_1{}_2'.

LaTeX Font Info:    Undo math alphabet allocation in version normal on input li
ne 147.
! Double subscript.
l.147 ... \CATIT_{/(\tD,\mathfrak{q})} \to \CATIT_
                                                  {/(\tC,\mathfrak{p})}
I treat `x_1_2' essentially like `x_1{}_2'.

LaTeX Font Info:    Undo math alphabet allocation in version normal on input li
ne 148.
LaTeX Font Info:    No math alphabet change to frozen version normal on input l
ine 149.
LaTeX Font Info:    Undo math alphabet allocation in version normal on input li
ne 153.
LaTeX Font Info:    No math alphabet change to frozen version normal on input l
ine 153.
LaTeX Font Info:    No math alphabet change to frozen version normal on input l
ine 155.
LaTeX Font Info:    Undo math alphabet allocation in version normal on input li
ne 155.
! Double subscript.
l.155      f^{\lax}_{\patp}: \CATIT_
                                    {/\tD} \to \FIB_{(i,j)}(\tD) \to \CATIT_...
I treat `x_1_2' essentially like `x_1{}_2'.

LaTeX Font Info:    No math alphabet change to frozen version normal on input l
ine 155.
LaTeX Font Info:    No math alphabet change to frozen version normal on input l
ine 155.
! Double subscript.
l.155 ..._{/\tD} \to \FIB_{(i,j)}(\tD) \to \CATIT_
                                                  {/(\tC,\mathfrak{p})}
I treat `x_1_2' essentially like `x_1{}_2'.

LaTeX Font Info:    Undo math alphabet allocation in version normal on input li
ne 156.
[3]
LaTeX Font Info:    Undo math alphabet allocation in version normal on input li
ne 156.
LaTeX Font Info:    No math alphabet change to frozen version normal on input l
ine 157.
LaTeX Font Info:    No math alphabet change to frozen version normal on input l
ine 157.
LaTeX Font Info:    Undo math alphabet allocation in version normal on input li
ne 161.
LaTeX Font Info:    No math alphabet change to frozen version normal on input l
ine 161.
LaTeX Font Info:    No math alphabet change to frozen version normal on input l
ine 163.

! Double subscript.
l.163       Rf_{*}\colon \CATIT_
                                {/(\tC,\mathfrak{p})} \to \FUN( (\CATIT_{/\t...
I treat `x_1_2' essentially like `x_1{}_2'.

LaTeX Font Info:    Undo math alphabet allocation in version normal on input li
ne 163.
LaTeX Font Info:    No math alphabet change to frozen version normal on input l
ine 163.
! Double subscript.
l.163 ..._{/(\tC,\mathfrak{p})} \to \FUN( (\CATIT_
                                                  {/\tD})^{\op},\CATI), \ens...
I treat `x_1_2' essentially like `x_1{}_2'.

LaTeX Font Info:    No math alphabet change to frozen version normal on input l
ine 163.
LaTeX Font Info:    No math alphabet change to frozen version normal on input l
ine 163.
LaTeX Font Info:    No math alphabet change to frozen version normal on input l
ine 163.
LaTeX Font Info:    Undo math alphabet allocation in version normal on input li
ne 163.

Overfull \hbox (1.83441pt too wide) detected at line 164
\OML/nxlmi/m/it/10 Rf[] [] [] [][][] \LMS/ntxsy/m/n/10 ! [][][][][]\OML/nxlm
i/m/it/10 ; [][]\LMS/ntxsy/m/n/10 \OML/nxlmi/m/it/10 ; \LMS/ntxsy/m/n/10 \U/B
OONDOX-ds/m/n/10 X \LMS/ntxsy/m/n/10 ! \U/BOONDOX-ds/m/n/10 C\LMS/ntxsy/m/n/10 
 7! [][]\OML/nxlmi/m/it/10 f[]\LMS/ntxsy/m/n/10 ^^@\OML/nxlmi/m/it/10 ; \U/
BOONDOX-ds/m/n/10 X\LMS/ntxsy/m/n/10 \OML/nxlmi/m/it/10 :
 []

LaTeX Font Info:    Undo math alphabet allocation in version normal on input li
ne 164.
LaTeX Font Info:    No math alphabet change to frozen version normal on input l
ine 170.
! Double subscript.
l.170      Rf_{*}\colon \CATIT_
                               {/(\tC,\mathfrak{p})} \to \FUN( (\CATIT_{/\tD...
I treat `x_1_2' essentially like `x_1{}_2'.

LaTeX Font Info:    Undo math alphabet allocation in version normal on input li
ne 170.
LaTeX Font Info:    No math alphabet change to frozen version normal on input l
ine 170.
! Double subscript.
l.170 ..._{/(\tC,\mathfrak{p})} \to \FUN( (\CATIT_
                                                  {/\tD})^{\op},\CATI)
I treat `x_1_2' essentially like `x_1{}_2'.

LaTeX Font Info:    No math alphabet change to frozen version normal on input l
ine 170.
LaTeX Font Info:    No math alphabet change to frozen version normal on input l
ine 170.
LaTeX Font Info:    No math alphabet change to frozen version normal on input l
ine 171.
LaTeX Font Info:    No math alphabet change to frozen version normal on input l
ine 172.
LaTeX Font Info:    No math alphabet change to frozen version normal on input l
ine 172.
! Double subscript.
l.172 ... composite $\FIB_{(i,j)}(\tD) \to \CATIT_
                                                  {/\tD} \to \FUN( (\CATIT_{...
I treat `x_1_2' essentially like `x_1{}_2'.

LaTeX Font Info:    No math alphabet change to frozen version normal on input l
ine 172.
LaTeX Font Info:    No math alphabet change to frozen version normal on input l
ine 172.
! Double subscript.
l.172 ...\tD) \to \CATIT_{/\tD} \to \FUN( (\CATIT_
                                                  {/\tD})^{\op},\CATI)$ wher...
I treat `x_1_2' essentially like `x_1{}_2'.

LaTeX Font Info:    No math alphabet change to frozen version normal on input l
ine 172.
LaTeX Font Info:    No math alphabet change to frozen version normal on input l
ine 172.
LaTeX Font Info:    No math alphabet change to frozen version normal on input l
ine 172.
LaTeX Font Info:    No math alphabet change to frozen version normal on input l
ine 179.
! Double subscript.
l.179   We will call the functor $f_{*}: \CATIT_
                                                {/(\tC,\mathfrak{p})} \to \F...
I treat `x_1_2' essentially like `x_1{}_2'.

LaTeX Font Info:    Undo math alphabet allocation in version normal on input li
ne 179.
LaTeX Font Info:    No math alphabet change to frozen version normal on input l
ine 179.
LaTeX Font Info:    Undo math alphabet allocation in version normal on input li
ne 183.
LaTeX Font Info:    No math alphabet change to frozen version normal on input l
ine 183.
LaTeX Font Info:    No math alphabet change to frozen version normal on input l
ine 183.
LaTeX Font Info:    No math alphabet change to frozen version normal on input l
ine 185.
LaTeX Font Info:    No math alphabet change to frozen version normal on input l
ine 185.
LaTeX Font Info:    No math alphabet change to frozen version normal on input l
ine 185.
LaTeX Font Info:    No math alphabet change to frozen version normal on input l
ine 185.
LaTeX Font Info:    No math alphabet change to frozen version normal on input l
ine 185.
LaTeX Font Info:    No math alphabet change to frozen version normal on input l
ine 185.
LaTeX Font Info:    No math alphabet change to frozen version normal on input l
ine 185.
LaTeX Font Info:    No math alphabet change to frozen version normal on input l
ine 185.
LaTeX Font Info:    No math alphabet change to frozen version normal on input l
ine 185.
LaTeX Font Info:    No math alphabet change to frozen version normal on input l
ine 185.
LaTeX Font Info:    No math alphabet change to frozen version normal on input l
ine 185.
LaTeX Font Info:    No math alphabet change to frozen version normal on input l
ine 185.
LaTeX Font Info:    No math alphabet change to frozen version normal on input l
ine 185.
! Double subscript.
l.185     f^*: \FIB_{(i,j)}(\tD)  \llra \CATIT_
                                               {/(\tC,\mathfrak{p})}: f_*
I treat `x_1_2' essentially like `x_1{}_2'.

LaTeX Font Info:    Undo math alphabet allocation in version normal on input li
ne 186.
[4] (./laxkan.aux)

LaTeX Font Warning: Size substitutions with differences
(Font)              up to 0.5pt have occurred.

Package rerunfilecheck Info: File `laxkan.out' has not changed.
(rerunfilecheck)             Checksum: 3423902204DCDD50E88CD9F94A35DD9D;1504.
 ) 
Here is how much of TeX's memory you used:
 30439 strings out of 478268
 572645 string characters out of 5846347
 792482 words of memory out of 5000000
 47861 multiletter control sequences out of 15000+600000
 619707 words of font info for 152 fonts, out of 8000000 for 9000
 1302 hyphenation exceptions out of 8191
 115i,17n,118p,605b,1214s stack positions out of 10000i,1000n,20000p,200000b,200000s
{/usr/local/texlive/2022/texmf-dist/fonts/enc/dvips/fbb/fbb_3cnzgn.enc}{/usr/
local/texlive/2022/texmf-dist/fonts/enc/dvips/cabin/cbn_i3ioen.enc}{/usr/local/
texlive/2022/texmf-dist/fonts/enc/dvips/fbb/fbb_ned4xv.enc}{/usr/local/texlive/
2022/texmf-dist/fonts/enc/dvips/fbb/fbb_xctm5z.enc}{/usr/local/texlive/2022/tex
mf-dist/fonts/enc/dvips/fbb/fbb_ulsnvv.enc}{/usr/local/texlive/2022/texmf-dist/
fonts/enc/dvips/fbb/fbb_mbwkti.enc}</usr/local/texlive/2022/texmf-dist/fonts/ty
pe1/impallari/cabin/Cabin-Regular.pfb></usr/local/texlive/2022/texmf-dist/fonts
/type1/public/newtx/LibertineMathMI.pfb></usr/local/texlive/2022/texmf-dist/fon
ts/type1/public/newtx/LibertineMathMI5.pfb></usr/local/texlive/2022/texmf-dist/
fonts/type1/public/newtx/LibertineMathMI7.pfb></usr/local/texlive/2022/texmf-di
st/fonts/type1/public/newtx/LibertineMathRM.pfb></usr/local/texlive/2022/texmf-
dist/fonts/type1/public/newtx/NewTXMI.pfb></usr/local/texlive/2022/texmf-dist/f
onts/type1/public/newtx/NewTXMI5.pfb></usr/local/texlive/2022/texmf-dist/fonts/
type1/public/newtx/NewTXMI7.pfb></usr/local/texlive/2022/texmf-dist/fonts/type1
/public/fbb/fbb-Bold.pfb></usr/local/texlive/2022/texmf-dist/fonts/type1/public
/fbb/fbb-Italic.pfb></usr/local/texlive/2022/texmf-dist/fonts/type1/public/fbb/
fbb-Regular.pfb></usr/local/texlive/2022/texmf-dist/fonts/type1/public/newtx/tx
exs.pfb></usr/local/texlive/2022/texmf-dist/fonts/type1/public/newtx/txmiaX.pfb
></usr/local/texlive/2022/texmf-dist/fonts/type1/public/txfonts/txsya.pfb></usr
/local/texlive/2022/texmf-dist/fonts/type1/public/newtx/txsys.pfb></usr/local/t
exlive/2022/texmf-dist/fonts/type1/public/boondox/zxxrf8a.pfb></usr/local/texli
ve/2022/texmf-dist/fonts/type1/public/boondox/zxxrl8a.pfb></usr/local/texlive/2
022/texmf-dist/fonts/type1/public/boondox/zxxrw8a.pfb>
Output written on laxkan.pdf (4 pages, 242837 bytes).
PDF statistics:
 193 PDF objects out of 1000 (max. 8388607)
 147 compressed objects within 2 object streams
 30 named destinations out of 1000 (max. 500000)
 69 words of extra memory for PDF output out of 10000 (max. 10000000)

